\BOOKMARK [1][-]{section*.2}{Problem\0401}{}% 1
\BOOKMARK [1][-]{section*.3}{a}{}% 2
\BOOKMARK [1][-]{section*.4}{b}{}% 3
\BOOKMARK [1][-]{section*.5}{c}{}% 4
\BOOKMARK [1][-]{section*.6}{Problem\0402}{}% 5
\BOOKMARK [1][-]{section*.7}{a:\040Prove\040M-step\040is\040Tractable}{}% 6
\BOOKMARK [1][-]{section*.8}{b:\040Prove\040the\040Log\040likelihood\040Increase\040monotonically\040with\040each\040iteration}{}% 7
\BOOKMARK [1][-]{section*.9}{Problem\0403}{}% 8
\BOOKMARK [1][-]{section*.10}{a:\040E-step}{}% 9
\BOOKMARK [2][-]{section*.11}{i:Find\040joint\040distribution}{section*.10}% 10
\BOOKMARK [2][-]{section*.12}{ii:\040Derive\040expression\040for\040E-step}{section*.10}% 11
\BOOKMARK [1][-]{section*.13}{b:\040M-step}{}% 12
\BOOKMARK [1][-]{section*.14}{Interpretation}{}% 13
\BOOKMARK [1][-]{section*.15}{Problem\0404}{}% 14
\BOOKMARK [1][-]{section*.16}{a:\040Non-negativity}{}% 15
\BOOKMARK [1][-]{section*.17}{b:\040Chain\040Rule\040for\040KL\040divergence}{}% 16
\BOOKMARK [1][-]{section*.18}{c:\040KL\040and\040maximum\040likelihood}{}% 17
\BOOKMARK [1][-]{section*.19}{Problem\0405}{}% 18
\BOOKMARK [1][-]{section*.20}{a,\040b,\040c,\040d:\040K-means\040for\040compression}{}% 19
\BOOKMARK [1][-]{section*.21}{Compression\040result\040Comparison}{}% 20
