\BOOKMARK [1][-]{section*.2}{Problem 1}{}% 1
\BOOKMARK [2][-]{section*.3}{1\(a\)}{section*.2}% 2
\BOOKMARK [2][-]{section*.4}{1\(b\)}{section*.2}% 3
\BOOKMARK [2][-]{section*.5}{1\(c\)}{section*.2}% 4
\BOOKMARK [1][-]{section*.6}{Problem 2}{}% 5
\BOOKMARK [2][-]{section*.7}{2\(a\)}{section*.6}% 6
\BOOKMARK [2][-]{section*.8}{2\(b\)}{section*.6}% 7
\BOOKMARK [2][-]{section*.9}{2\(c\)\0462\(d\)}{section*.6}% 8
\BOOKMARK [1][-]{section*.10}{Problem 3}{}% 9
\BOOKMARK [2][-]{section*.11}{3\(a\)}{section*.10}% 10
\BOOKMARK [2][-]{section*.12}{3\(b\) \046 3\(c\)}{section*.10}% 11
\BOOKMARK [1][-]{section*.13}{Problem 4}{}% 12
\BOOKMARK [2][-]{section*.14}{4\(a\)}{section*.13}% 13
\BOOKMARK [1][-]{section*.15}{Problem 5}{}% 14
\BOOKMARK [2][-]{section*.16}{5\(a\)}{section*.15}% 15
\BOOKMARK [3][-]{section*.17}{5\(a\), i}{section*.16}% 16
\BOOKMARK [3][-]{section*.18}{5\(a\), ii}{section*.16}% 17
\BOOKMARK [3][-]{section*.19}{5\(a\), iii}{section*.16}% 18
\BOOKMARK [2][-]{section*.20}{5\(b\)}{section*.15}% 19
\BOOKMARK [2][-]{section*.21}{5\(b\), i}{section*.15}% 20
\BOOKMARK [2][-]{section*.22}{5\(b\), ii}{section*.15}% 21
\BOOKMARK [2][-]{section*.23}{5\(b\), iii}{section*.15}% 22
\BOOKMARK [2][-]{section*.24}{5\(c\)}{section*.15}% 23
\BOOKMARK [3][-]{section*.25}{5\(c\), i}{section*.24}% 24
\BOOKMARK [3][-]{section*.26}{5\(c\), ii}{section*.24}% 25
\BOOKMARK [2][-]{section*.27}{5\(c\), iii}{section*.15}% 26
